=================================================================
==288925==ERROR: AddressSanitizer: heap-use-after-free on address 0x603000000040 at pc 0x5633f280c651 bp 0x7ffc7bb1a400 sp 0x7ffc7bb1a3f8
READ of size 1 at 0x603000000040 thread T0
    #0 0x5633f280c650 in demonstrate_use_after_free /home/user/project/examples/demo.c:137
    #1 0x5633f280ce02 in main /home/user/project/examples/demo.c:322
    #2 0x7fb5e64c9249 in __libc_start_call_main ../sysdeps/nptl/libc_start_call_main.h:58
    #3 0x7fb5e64c9304 in __libc_start_main_impl ../csu/libc-start.c:360
    #4 0x5633f280c200 in _start (/home/user/project/examples/demo_asan+0x2200)

0x603000000040 is located 0 bytes inside of 32-byte region [0x603000000040,0x603000000060)
freed by thread T0 here:
    #0 0x7fb5e5eb76a8 in __interceptor_free ../../../../src/libsanitizer/asan/asan_malloc_linux.cpp:52
    #1 0x5633f280c61c in demonstrate_use_after_free /home/user/project/examples/demo.c:134
    #2 0x5633f280ce02 in main /home/user/project/examples/demo.c:322
    #3 0x7fb5e64c9249 in __libc_start_call_main ../sysdeps/nptl/libc_start_call_main.h:58

previously allocated by thread T0 here:
    #0 0x7fb5e5eb89cf in __interceptor_malloc ../../../../src/libsanitizer/asan/asan_malloc_linux.cpp:69
    #1 0x5633f280c5cb in demonstrate_use_after_free /home/user/project/examples/demo.c:128
    #2 0x5633f280ce02 in main /home/user/project/examples/demo.c:322
    #3 0x7fb5e64c9249 in __libc_start_call_main ../sysdeps/nptl/libc_start_call_main.h:58

SUMMARY: AddressSanitizer: heap-use-after-free /home/user/project/examples/demo.c:137 in demonstrate_use_after_free
Shadow bytes around the buggy address:
  0x0c067fff7fb0: 00 00 00 00 00 00 00 00 00 00 00 00 00 00 00 00
  0x0c067fff7fc0: 00 00 00 00 00 00 00 00 00 00 00 00 00 00 00 00
  0x0c067fff7fd0: 00 00 00 00 00 00 00 00 00 00 00 00 00 00 00 00
  0x0c067fff7fe0: 00 00 00 00 00 00 00 00 00 00 00 00 00 00 00 00
  0x0c067fff7ff0: 00 00 00 00 00 00 00 00 00 00 00 00 00 00 00 00
=>0x0c067fff8000: fa fa 00 00 00 fa fa fa[fd]fd fd fd fa fa fa fa
  0x0c067fff8010: fa fa fa fa fa fa fa fa fa fa fa fa fa fa fa fa
  0x0c067fff8020: fa fa fa fa fa fa fa fa fa fa fa fa fa fa fa fa
  0x0c067fff8030: fa fa fa fa fa fa fa fa fa fa fa fa fa fa fa fa
  0x0c067fff8040: fa fa fa fa fa fa fa fa fa fa fa fa fa fa fa fa
  0x0c067fff8050: fa fa fa fa fa fa fa fa fa fa fa fa fa fa fa fa
Shadow byte legend (one shadow byte represents 8 application bytes):
  Addressable:           00
  Partially addressable: 01 02 03 04 05 06 07 
  Heap left redzone:       fa
  Freed heap region:       fd
  Stack left redzone:      f1
  Stack mid redzone:       f2
  Stack right redzone:     f3
  Stack after return:      f5
  Stack use after scope:   f8
  Global redzone:          f9
  Global init order:       f6
  Poisoned by user:        f7
  Container overflow:      fc
  Array cookie:            ac
  Intra object redzone:    bb
  ASan internal:           fe
  Left alloca redzone:     ca
  Right alloca redzone:    cb
==288925==ABORTING
